<?xml version="1.0" encoding="UTF-8"?>
<!-- Generated by org.testng.reporters.JUnitReportReporter -->
<testsuite skipped="0" hostname="EngOps-3BRQXT2" name="week3_day1.DeleteIssue" tests="1" failures="0" timestamp="2021-11-14T07:44:39 IST" time="2.798" errors="0">
  <testcase name="deleteissue" time="2.798" classname="week3_day1.DeleteIssue"/>
  <system-out/>
</testsuite> <!-- week3_day1.DeleteIssue -->
