<?xml version="1.0" encoding="UTF-8"?>
<!-- Generated by org.testng.reporters.JUnitReportReporter -->
<testsuite skipped="0" hostname="EngOps-3BRQXT2" name="week3_day2.CreateCRWithHeader" tests="1" failures="0" timestamp="2021-11-14T10:29:27 IST" time="7.762" errors="0">
  <testcase name="createcrwithheader" time="7.762" classname="week3_day2.CreateCRWithHeader"/>
  <system-out/>
</testsuite> <!-- week3_day2.CreateCRWithHeader -->
