<?xml version="1.0" encoding="UTF-8"?>
<!-- Generated by org.testng.reporters.JUnitReportReporter -->
<testsuite skipped="0" hostname="EngOps-3BRQXT2" name="chaining.CreateJiraIssue_Fromfile" tests="1" failures="0" timestamp="2021-11-14T16:31:27 IST" time="3.444" errors="0">
  <testcase name="createjiraissue" time="3.444" classname="chaining.CreateJiraIssue_Fromfile"/>
  <system-out/>
</testsuite> <!-- chaining.CreateJiraIssue_Fromfile -->
