<?xml version="1.0" encoding="UTF-8"?>
<!-- Generated by org.testng.reporters.JUnitReportReporter -->
<testsuite skipped="0" hostname="EngOps-3BRQXT2" name="week3_day1.CreateCRviafile" tests="1" failures="0" timestamp="2021-11-13T12:16:02 IST" time="5.880" errors="0">
  <testcase name="createcrviafile" time="5.880" classname="week3_day1.CreateCRviafile"/>
  <system-out/>
</testsuite> <!-- week3_day1.CreateCRviafile -->
