<?xml version="1.0" encoding="UTF-8"?>
<!-- Generated by org.testng.reporters.JUnitReportReporter -->
<testsuite skipped="0" hostname="EngOps-3BRQXT2" name="week3_day1.CreateJiraIssue_Fromfile" tests="1" failures="0" timestamp="2021-11-15T16:06:46 IST" time="4.339" errors="0">
  <testcase name="createjiraissue" time="4.339" classname="week3_day1.CreateJiraIssue_Fromfile"/>
  <system-out/>
</testsuite> <!-- week3_day1.CreateJiraIssue_Fromfile -->
