<?xml version="1.0" encoding="UTF-8"?>
<!-- Generated by org.testng.reporters.JUnitReportReporter -->
<testsuite skipped="0" hostname="EngOps-3BRQXT2" name="chaining.UpdateJiraIssue_Fromfile" tests="1" failures="0" timestamp="2021-11-15T16:57:18 IST" time="1.806" errors="0">
  <testcase name="updatejiraissue" time="1.806" classname="chaining.UpdateJiraIssue_Fromfile"/>
  <system-out/>
</testsuite> <!-- chaining.UpdateJiraIssue_Fromfile -->
