<?xml version="1.0" encoding="UTF-8"?>
<!-- Generated by org.testng.reporters.JUnitReportReporter -->
<testsuite skipped="0" hostname="EngOps-3BRQXT2" name="week3_day1.createcr" tests="1" failures="0" timestamp="2021-11-13T12:15:09 IST" time="7.278" errors="0">
  <testcase name="createcr" time="7.278" classname="week3_day1.createcr"/>
  <system-out/>
</testsuite> <!-- week3_day1.createcr -->
