<?xml version="1.0" encoding="UTF-8"?>
<!-- Generated by org.testng.reporters.JUnitReportReporter -->
<testsuite skipped="0" hostname="EngOps-3BRQXT2" name="chaining.DeleteIssue" tests="1" failures="0" timestamp="2021-11-15T16:57:18 IST" time="2.018" errors="0">
  <testcase name="deleteissue" time="2.018" classname="chaining.DeleteIssue"/>
  <system-out/>
</testsuite> <!-- chaining.DeleteIssue -->
