<?xml version="1.0" encoding="UTF-8"?>
<!-- Generated by org.testng.reporters.JUnitReportReporter -->
<testsuite skipped="0" hostname="EngOps-3BRQXT2" name="week3_day1.UpdateJiraIssue_Fromfile" tests="1" failures="0" timestamp="2021-11-13T17:24:37 IST" time="2.980" errors="0">
  <testcase name="updatejiraissue" time="2.980" classname="week3_day1.UpdateJiraIssue_Fromfile"/>
  <system-out/>
</testsuite> <!-- week3_day1.UpdateJiraIssue_Fromfile -->
