<?xml version="1.0" encoding="UTF-8"?>
<!-- Generated by org.testng.reporters.JUnitReportReporter -->
<testsuite skipped="0" hostname="EngOps-3BRQXT2" name="week3_day1.GetAllJiraIssues" tests="1" failures="0" timestamp="2021-11-14T07:16:48 IST" time="3.319" errors="0">
  <testcase name="getallissues" time="3.319" classname="week3_day1.GetAllJiraIssues"/>
  <system-out/>
</testsuite> <!-- week3_day1.GetAllJiraIssues -->
