<?xml version="1.0" encoding="UTF-8"?>
<!-- Generated by org.testng.reporters.JUnitReportReporter -->
<testsuite skipped="0" hostname="EngOps-3BRQXT2" name="week3_day2.CreateCRWithSchema" tests="1" failures="0" timestamp="2021-11-14T10:44:07 IST" time="7.078" errors="0">
  <testcase name="createcrwithheader" time="7.078" classname="week3_day2.CreateCRWithSchema"/>
  <system-out/>
</testsuite> <!-- week3_day2.CreateCRWithSchema -->
