<?xml version="1.0" encoding="UTF-8"?>
<!-- Generated by org.testng.reporters.JUnitReportReporter -->
<testsuite skipped="0" hostname="EngOps-3BRQXT2" name="week3_day1.Getallcr" tests="1" failures="0" timestamp="2021-11-13T10:38:10 IST" time="6.297" errors="0">
  <testcase name="getallcr" time="6.297" classname="week3_day1.Getallcr"/>
  <system-out/>
</testsuite> <!-- week3_day1.Getallcr -->
