<?xml version="1.0" encoding="UTF-8"?>
<!-- Generated by org.testng.reporters.JUnitReportReporter -->
<testsuite skipped="0" hostname="EngOps-3BRQXT2" name="week3_day1.createcr" tests="1" failures="0" timestamp="2021-11-15T14:43:16 IST" time="6.378" errors="0">
  <testcase name="createcr" time="6.378" classname="week3_day1.createcr"/>
  <system-out/>
</testsuite> <!-- week3_day1.createcr -->
